1574194677.619447 client started (18041): version 2.6, socket /tmp/tmux-1000/default, protocol 8
1574194677.619498 on Linux 4.15.0-70-generic #79-Ubuntu SMP Tue Nov 12 10:36:11 UTC 2019; libevent 2.1.8-stable (poll)
1574194677.619533 socket is /tmp/tmux-1000/default
1574194677.619552 trying connect
1574194677.619668 add peer 0x561a60192e90: 6 ((nil))
1574194677.619764 sending message 100 to peer 0x561a60192e90 (4 bytes)
1574194677.619779 sending message 101 to peer 0x561a60192e90 (16 bytes)
1574194677.619789 sending message 102 to peer 0x561a60192e90 (11 bytes)
1574194677.619798 sending message 108 to peer 0x561a60192e90 (18 bytes)
1574194677.619809 sending message 104 to peer 0x561a60192e90 (0 bytes)
1574194677.619820 sending message 107 to peer 0x561a60192e90 (4 bytes)
1574194677.619830 sending message 105 to peer 0x561a60192e90 (22 bytes)
1574194677.619839 sending message 105 to peer 0x561a60192e90 (20 bytes)
1574194677.619848 sending message 105 to peer 0x561a60192e90 (54 bytes)
1574194677.619861 sending message 105 to peer 0x561a60192e90 (23 bytes)
1574194677.619875 sending message 105 to peer 0x561a60192e90 (11 bytes)
1574194677.619959 sending message 105 to peer 0x561a60192e90 (11 bytes)
1574194677.619982 sending message 105 to peer 0x561a60192e90 (64 bytes)
1574194677.619997 sending message 105 to peer 0x561a60192e90 (65 bytes)
1574194677.620012 sending message 105 to peer 0x561a60192e90 (18 bytes)
1574194677.620027 sending message 105 to peer 0x561a60192e90 (24 bytes)
1574194677.620041 sending message 105 to peer 0x561a60192e90 (33 bytes)
1574194677.620057 sending message 105 to peer 0x561a60192e90 (44 bytes)
1574194677.620072 sending message 105 to peer 0x561a60192e90 (32 bytes)
1574194677.620086 sending message 105 to peer 0x561a60192e90 (86 bytes)
1574194677.620108 sending message 105 to peer 0x561a60192e90 (29 bytes)
1574194677.620123 sending message 105 to peer 0x561a60192e90 (52 bytes)
1574194677.620137 sending message 105 to peer 0x561a60192e90 (19 bytes)
1574194677.620151 sending message 105 to peer 0x561a60192e90 (28 bytes)
1574194677.620165 sending message 105 to peer 0x561a60192e90 (30 bytes)
1574194677.620178 sending message 105 to peer 0x561a60192e90 (13 bytes)
1574194677.620192 sending message 105 to peer 0x561a60192e90 (17 bytes)
1574194677.620206 sending message 105 to peer 0x561a60192e90 (18 bytes)
1574194677.620220 sending message 105 to peer 0x561a60192e90 (17 bytes)
1574194677.620234 sending message 105 to peer 0x561a60192e90 (8 bytes)
1574194677.620248 sending message 105 to peer 0x561a60192e90 (14 bytes)
1574194677.620262 sending message 105 to peer 0x561a60192e90 (32 bytes)
1574194677.620277 sending message 105 to peer 0x561a60192e90 (1516 bytes)
1574194677.620318 sending message 105 to peer 0x561a60192e90 (19 bytes)
1574194677.620335 sending message 105 to peer 0x561a60192e90 (11 bytes)
1574194677.620349 sending message 105 to peer 0x561a60192e90 (142 bytes)
1574194677.620364 sending message 105 to peer 0x561a60192e90 (84 bytes)
1574194677.620378 sending message 105 to peer 0x561a60192e90 (22 bytes)
1574194677.620392 sending message 105 to peer 0x561a60192e90 (18 bytes)
1574194677.620406 sending message 105 to peer 0x561a60192e90 (19 bytes)
1574194677.620420 sending message 105 to peer 0x561a60192e90 (17 bytes)
1574194677.620434 sending message 105 to peer 0x561a60192e90 (15 bytes)
1574194677.620449 sending message 105 to peer 0x561a60192e90 (90 bytes)
1574194677.620464 sending message 105 to peer 0x561a60192e90 (19 bytes)
1574194677.620478 sending message 105 to peer 0x561a60192e90 (8 bytes)
1574194677.620492 sending message 105 to peer 0x561a60192e90 (19 bytes)
1574194677.620507 sending message 105 to peer 0x561a60192e90 (41 bytes)
1574194677.620523 sending message 105 to peer 0x561a60192e90 (21 bytes)
1574194677.620539 sending message 105 to peer 0x561a60192e90 (21 bytes)
1574194677.620554 sending message 105 to peer 0x561a60192e90 (33 bytes)
1574194677.620569 sending message 105 to peer 0x561a60192e90 (35 bytes)
1574194677.620584 sending message 105 to peer 0x561a60192e90 (13 bytes)
1574194677.620600 sending message 105 to peer 0x561a60192e90 (11 bytes)
1574194677.620640 sending message 105 to peer 0x561a60192e90 (15 bytes)
1574194677.620657 sending message 105 to peer 0x561a60192e90 (11 bytes)
1574194677.620672 sending message 105 to peer 0x561a60192e90 (17 bytes)
1574194677.620688 sending message 105 to peer 0x561a60192e90 (13 bytes)
1574194677.620703 sending message 105 to peer 0x561a60192e90 (41 bytes)
1574194677.620719 sending message 105 to peer 0x561a60192e90 (45 bytes)
1574194677.620732 sending message 105 to peer 0x561a60192e90 (33 bytes)
1574194677.620747 sending message 105 to peer 0x561a60192e90 (85 bytes)
1574194677.620763 sending message 105 to peer 0x561a60192e90 (23 bytes)
1574194677.620780 sending message 105 to peer 0x561a60192e90 (31 bytes)
1574194677.620797 sending message 105 to peer 0x561a60192e90 (15 bytes)
1574194677.620811 sending message 105 to peer 0x561a60192e90 (27 bytes)
1574194677.620828 sending message 105 to peer 0x561a60192e90 (17 bytes)
1574194677.620843 sending message 105 to peer 0x561a60192e90 (21 bytes)
1574194677.620860 sending message 105 to peer 0x561a60192e90 (11 bytes)
1574194677.620875 sending message 105 to peer 0x561a60192e90 (20 bytes)
1574194677.620890 sending message 105 to peer 0x561a60192e90 (27 bytes)
1574194677.620904 sending message 105 to peer 0x561a60192e90 (24 bytes)
1574194677.620919 sending message 105 to peer 0x561a60192e90 (24 bytes)
1574194677.620934 sending message 105 to peer 0x561a60192e90 (26 bytes)
1574194677.620950 sending message 105 to peer 0x561a60192e90 (30 bytes)
1574194677.620965 sending message 105 to peer 0x561a60192e90 (16 bytes)
1574194677.620980 sending message 105 to peer 0x561a60192e90 (75 bytes)
1574194677.620995 sending message 105 to peer 0x561a60192e90 (109 bytes)
1574194677.621010 sending message 105 to peer 0x561a60192e90 (16 bytes)
1574194677.621025 sending message 106 to peer 0x561a60192e90 (0 bytes)
1574194677.621040 sending message 200 to peer 0x561a60192e90 (4 bytes)
1574194677.621055 client loop enter
1574194677.623046 peer 0x561a60192e90 message 211
1574194677.623095 peer 0x561a60192e90 message 203
1574194677.623106 client loop exit
